<?xml version="1.0" encoding="UTF-8"?>
<testsuite name="org.digital.nurture.model.StudentTest" tests="1" skipped="0" failures="0" errors="0" timestamp="2024-07-30T18:00:55" hostname="REDVELVET" time="0.001">
  <properties/>
  <testcase name="testStudentGettersAndSetters()" classname="org.digital.nurture.model.StudentTest" time="0.001"/>
  <system-out><![CDATA[]]></system-out>
  <system-err><![CDATA[]]></system-err>
</testsuite>
