<?xml version="1.0" encoding="UTF-8"?>
<testsuite name="org.digital.nurture.controller.StudentControllerTest" tests="1" skipped="0" failures="0" errors="0" timestamp="2024-07-30T18:00:55" hostname="REDVELVET" time="0.023">
  <properties/>
  <testcase name="testStudentController()" classname="org.digital.nurture.controller.StudentControllerTest" time="0.023"/>
  <system-out><![CDATA[]]></system-out>
  <system-err><![CDATA[]]></system-err>
</testsuite>
