<?xml version="1.0" encoding="UTF-8"?>
<testsuite name="org.digital.nurture.CustomerServiceTest" tests="1" skipped="0" failures="0" errors="0" timestamp="2024-07-30T18:11:37" hostname="REDVELVET" time="0.026">
  <properties/>
  <testcase name="testGetCustomerById()" classname="org.digital.nurture.CustomerServiceTest" time="0.026"/>
  <system-out><![CDATA[]]></system-out>
  <system-err><![CDATA[]]></system-err>
</testsuite>
