<?xml version="1.0" encoding="UTF-8"?>
<testsuite name="org.digital.nurture.DecoratorPatternTest" tests="2" skipped="0" failures="0" errors="0" timestamp="2024-07-30T16:08:46" hostname="REDVELVET" time="0.023">
  <properties/>
  <testcase name="testSlackNotifierDecorator()" classname="org.digital.nurture.DecoratorPatternTest" time="0.019"/>
  <testcase name="testSMSNotifierDecorator()" classname="org.digital.nurture.DecoratorPatternTest" time="0.002"/>
  <system-out><![CDATA[Sending Email: Test Slack Notification
Sending Slack message: Test Slack Notification
Sending Email: Test SMS Notification
Sending SMS: Test SMS Notification
]]></system-out>
  <system-err><![CDATA[]]></system-err>
</testsuite>
